Flow report for Pru_giros_conta
Sun Oct 20 19:43:10 2024
Quartus II 64-Bit Version 13.0.1 Build 232 06/12/2013 Service Pack 1 SJ Web Edition


---------------------
; Table of Contents ;
---------------------
  1. Legal Notice
  2. Flow Summary
  3. Flow Settings
  4. Flow Non-Default Global Settings
  5. Flow Elapsed Time
  6. Flow OS Summary
  7. Flow Log
  8. Flow Messages
  9. Flow Suppressed Messages



----------------
; Legal Notice ;
----------------
Copyright (C) 1991-2013 Altera Corporation
Your use of Altera Corporation's design tools, logic functions 
and other software and tools, and its AMPP partner logic 
functions, and any output files from any of the foregoing 
(including device programming or simulation files), and any 
associated documentation or information are expressly subject 
to the terms and conditions of the Altera Program License 
Subscription Agreement, Altera MegaCore Function License 
Agreement, or other applicable license agreement, including, 
without limitation, that your use is for the sole purpose of 
programming logic devices manufactured by Altera and sold by 
Altera or its authorized distributors.  Please refer to the 
applicable agreement for further details.



+--------------------------------------------------------------------------------------+
; Flow Summary                                                                         ;
+------------------------------------+-------------------------------------------------+
; Flow Status                        ; Successful - Sun Oct 20 19:43:04 2024           ;
; Quartus II 64-Bit Version          ; 13.0.1 Build 232 06/12/2013 SP 1 SJ Web Edition ;
; Revision Name                      ; Pru_giros_conta                                 ;
; Top-level Entity Name              ; control_giros_contador                          ;
; Family                             ; Cyclone IV E                                    ;
; Total logic elements               ; 23 / 6,272 ( < 1 % )                            ;
;     Total combinational functions  ; 23 / 6,272 ( < 1 % )                            ;
;     Dedicated logic registers      ; 14 / 6,272 ( < 1 % )                            ;
; Total registers                    ; 14                                              ;
; Total pins                         ; 11 / 92 ( 12 % )                                ;
; Total virtual pins                 ; 0                                               ;
; Total memory bits                  ; 0 / 276,480 ( 0 % )                             ;
; Embedded Multiplier 9-bit elements ; 0 / 30 ( 0 % )                                  ;
; Total PLLs                         ; 1 / 2 ( 50 % )                                  ;
; Device                             ; EP4CE6E22C6                                     ;
; Timing Models                      ; Final                                           ;
+------------------------------------+-------------------------------------------------+


+-----------------------------------------+
; Flow Settings                           ;
+-------------------+---------------------+
; Option            ; Setting             ;
+-------------------+---------------------+
; Start date & time ; 10/20/2024 19:42:47 ;
; Main task         ; Compilation         ;
; Revision Name     ; Pru_giros_conta     ;
+-------------------+---------------------+


+------------------------------------------------------------------------------------------------------------------------------+
; Flow Non-Default Global Settings                                                                                             ;
+-------------------------------------+--------------------------------+-----------------+------------------------+------------+
; Assignment Name                     ; Value                          ; Default Value   ; Entity Name            ; Section Id ;
+-------------------------------------+--------------------------------+-----------------+------------------------+------------+
; COMPILER_SIGNATURE_ID               ; 57715612342962.172946416607008 ; --              ; --                     ; --         ;
; IP_TOOL_NAME                        ; ALTPLL                         ; --              ; --                     ; --         ;
; IP_TOOL_VERSION                     ; 13.0                           ; --              ; --                     ; --         ;
; MISC_FILE                           ; pll.bsf                        ; --              ; --                     ; --         ;
; MISC_FILE                           ; pll.cmp                        ; --              ; --                     ; --         ;
; MISC_FILE                           ; pll.ppf                        ; --              ; --                     ; --         ;
; PARTITION_COLOR                     ; 16764057                       ; --              ; control_giros_contador ; Top        ;
; PARTITION_FITTER_PRESERVATION_LEVEL ; PLACEMENT_AND_ROUTING          ; --              ; control_giros_contador ; Top        ;
; PARTITION_NETLIST_TYPE              ; SOURCE                         ; --              ; control_giros_contador ; Top        ;
; PROJECT_OUTPUT_DIRECTORY            ; output_files                   ; --              ; --                     ; --         ;
; TOP_LEVEL_ENTITY                    ; control_giros_contador         ; Pru_giros_conta ; --                     ; --         ;
+-------------------------------------+--------------------------------+-----------------+------------------------+------------+


+-------------------------------------------------------------------------------------------------------------------------------+
; Flow Elapsed Time                                                                                                             ;
+---------------------------+--------------+-------------------------+---------------------+------------------------------------+
; Module Name               ; Elapsed Time ; Average Processors Used ; Peak Virtual Memory ; Total CPU Time (on all processors) ;
+---------------------------+--------------+-------------------------+---------------------+------------------------------------+
; Analysis & Synthesis      ; 00:00:02     ; 1.0                     ; 4638 MB             ; 00:00:02                           ;
; Fitter                    ; 00:00:10     ; 1.0                     ; 4887 MB             ; 00:00:07                           ;
; Assembler                 ; 00:00:01     ; 1.0                     ; 4539 MB             ; 00:00:01                           ;
; TimeQuest Timing Analyzer ; 00:00:04     ; 1.0                     ; 4608 MB             ; 00:00:03                           ;
; Total                     ; 00:00:17     ; --                      ; --                  ; 00:00:13                           ;
+---------------------------+--------------+-------------------------+---------------------+------------------------------------+


+----------------------------------------------------------------------------------------+
; Flow OS Summary                                                                        ;
+---------------------------+------------------+-----------+------------+----------------+
; Module Name               ; Machine Hostname ; OS Name   ; OS Version ; Processor type ;
+---------------------------+------------------+-----------+------------+----------------+
; Analysis & Synthesis      ; DESKTOP-793I7VA  ; Windows 7 ; 6.2        ; x86_64         ;
; Fitter                    ; DESKTOP-793I7VA  ; Windows 7 ; 6.2        ; x86_64         ;
; Assembler                 ; DESKTOP-793I7VA  ; Windows 7 ; 6.2        ; x86_64         ;
; TimeQuest Timing Analyzer ; DESKTOP-793I7VA  ; Windows 7 ; 6.2        ; x86_64         ;
+---------------------------+------------------+-----------+------------+----------------+


------------
; Flow Log ;
------------
quartus_map --read_settings_files=on --write_settings_files=off Pru_giros_conta -c Pru_giros_conta
quartus_fit --read_settings_files=off --write_settings_files=off Pru_giros_conta -c Pru_giros_conta
quartus_asm --read_settings_files=off --write_settings_files=off Pru_giros_conta -c Pru_giros_conta
quartus_sta Pru_giros_conta -c Pru_giros_conta



